Determining if the pthread_create exist failed with the following output:
Change Dir: /home/juan/Escritorio/ML-Atari/lib/ALE/CMakeFiles/CMakeTmp

Run Build Command:"/usr/bin/make" "cmTC_39238/fast"
make[1]: se entra en el directorio '/home/juan/Escritorio/ML-Atari/lib/ALE/CMakeFiles/CMakeTmp'
/usr/bin/make -f CMakeFiles/cmTC_39238.dir/build.make CMakeFiles/cmTC_39238.dir/build
make[2]: se entra en el directorio '/home/juan/Escritorio/ML-Atari/lib/ALE/CMakeFiles/CMakeTmp'
Building C object CMakeFiles/cmTC_39238.dir/CheckSymbolExists.c.o
/usr/bin/cc    -o CMakeFiles/cmTC_39238.dir/CheckSymbolExists.c.o   -c /home/juan/Escritorio/ML-Atari/lib/ALE/CMakeFiles/CMakeTmp/CheckSymbolExists.c
Linking C executable cmTC_39238
/usr/bin/cmake -E cmake_link_script CMakeFiles/cmTC_39238.dir/link.txt --verbose=1
/usr/bin/cc      -rdynamic CMakeFiles/cmTC_39238.dir/CheckSymbolExists.c.o  -o cmTC_39238 
/usr/bin/ld: CMakeFiles/cmTC_39238.dir/CheckSymbolExists.c.o: en la función `main':
CheckSymbolExists.c:(.text+0x1b): referencia a `pthread_create' sin definir
collect2: error: ld devolvió el estado de salida 1
make[2]: *** [CMakeFiles/cmTC_39238.dir/build.make:87: cmTC_39238] Error 1
make[2]: se sale del directorio '/home/juan/Escritorio/ML-Atari/lib/ALE/CMakeFiles/CMakeTmp'
make[1]: *** [Makefile:121: cmTC_39238/fast] Error 2
make[1]: se sale del directorio '/home/juan/Escritorio/ML-Atari/lib/ALE/CMakeFiles/CMakeTmp'

File /home/juan/Escritorio/ML-Atari/lib/ALE/CMakeFiles/CMakeTmp/CheckSymbolExists.c:
/* */
#include <pthread.h>

int main(int argc, char** argv)
{
  (void)argv;
#ifndef pthread_create
  return ((int*)(&pthread_create))[argc];
#else
  (void)argc;
  return 0;
#endif
}

Determining if the function pthread_create exists in the pthreads failed with the following output:
Change Dir: /home/juan/Escritorio/ML-Atari/lib/ALE/CMakeFiles/CMakeTmp

Run Build Command:"/usr/bin/make" "cmTC_a63d4/fast"
make[1]: se entra en el directorio '/home/juan/Escritorio/ML-Atari/lib/ALE/CMakeFiles/CMakeTmp'
/usr/bin/make -f CMakeFiles/cmTC_a63d4.dir/build.make CMakeFiles/cmTC_a63d4.dir/build
make[2]: se entra en el directorio '/home/juan/Escritorio/ML-Atari/lib/ALE/CMakeFiles/CMakeTmp'
Building C object CMakeFiles/cmTC_a63d4.dir/CheckFunctionExists.c.o
/usr/bin/cc   -DCHECK_FUNCTION_EXISTS=pthread_create   -o CMakeFiles/cmTC_a63d4.dir/CheckFunctionExists.c.o   -c /usr/share/cmake-3.12/Modules/CheckFunctionExists.c
Linking C executable cmTC_a63d4
/usr/bin/cmake -E cmake_link_script CMakeFiles/cmTC_a63d4.dir/link.txt --verbose=1
/usr/bin/cc  -DCHECK_FUNCTION_EXISTS=pthread_create    -rdynamic CMakeFiles/cmTC_a63d4.dir/CheckFunctionExists.c.o  -o cmTC_a63d4 -lpthreads 
/usr/bin/ld: no se puede encontrar -lpthreads
collect2: error: ld devolvió el estado de salida 1
make[2]: *** [CMakeFiles/cmTC_a63d4.dir/build.make:87: cmTC_a63d4] Error 1
make[2]: se sale del directorio '/home/juan/Escritorio/ML-Atari/lib/ALE/CMakeFiles/CMakeTmp'
make[1]: *** [Makefile:121: cmTC_a63d4/fast] Error 2
make[1]: se sale del directorio '/home/juan/Escritorio/ML-Atari/lib/ALE/CMakeFiles/CMakeTmp'


